40641
9351
48791
2141
89852
13168
9982
61796
2399
43631
2465
9992
8529
15358
8663
4641
24159
46247
21225
75086
1885
32185
84063
8109
3089
4326
1586
72954
6478
87089
59697
30454
77744
74684
95189
24453
8561
8639
1928
3194
82772
13313
4039
2549
5715
6711
16794
5974
6189
8403
81965
33173
71672
14432
65573
38571
44852
9907
3045
72238
3128
94994
9429
7146
32643
6124
1882
6245
3875
7284
9396
2939
6415
4111
6862
8488
9739
70898
4298
47278
4321
4279
32698
2152
71881
9244
76294
51501
19833
23847
4477
63431
1472
91244
4797
2823
43201
67542
53241
1325
