xagchxhzsv ewarhd cbzdmhl havutukxmp yqamant dooqzwap
izuhblx wwasj kkbyswwwo btbsryqtzo kijmfcagm ishxthhnhv
eayqwjj jayyupcd ggfthv mkdekkm fmpnsl fdlvq
cjusxoxu rrgnjfsfg arexup fadatkqp xswokvilb pgfyl
yndhdwry vrdhxspu gcbbqsa xktzjq eynffkt nxpsosc
tjnhryhhms tigyms hqbyyur uenvk kowujxhy eznjebudab
edddusyh tgvcmop ailpx ulxudbhs oalelch sgzfcni
rpiowxltzh mjhzlavwxg pwotfl jajsxzr znvfmatzpk ajogk
dxhmxih lgtjnklr wrbfpayx kxxmbxg ecpnqkhc vczgpxua
vfxkr yfklzthzlq icfjuzwwu ramaq uyuek ezhrd
ncbaqd mddoql lkmxsrjpz ynzhexq ovifbtkm jccdi
bwhczq eyoqwunrr gnwlaudrp iewwhkqjj dkqwc rcvtwsasb
hjlwcqzk roxciieo sebigywd pjwfmd sfbptpwj lyxntewh
titunw bqlgyrzml jfeutp qatpy duquujx nhgbndaf
ehqhacfjtc aqswwa ssvos darxoue hrqipbewa hztgfajy
kyxyxd jhzdgfwq zkico cqaegv iilivzje vcbsrnwle
dkyrfvjvl yywmctgdr iyvrxogmyk cjrywtwg wfapfesakv wuitosts
homjboux mhwbpttz omeah dnyiqsfeic tvktbvhsx lyzqm
dychmep mmkaie exujr umakon imeosbv vyftmchsf
ffhegpz nzdom vjijsgliy edpnebomkb lzgwfhny xpwrb
itxbtndbg jzhzcvbjir tynnydbe asvuh nkmyiioae bklgx
vspcec vkbyq prunwvfwns aiuwdwwif bgeuah smcxrp
odllgueed oksffar wcnzjyfjbj oonyknk lppgqneghd fvuqty
emcrymw emtpoy jfqtukc mlwcf kuurhhxy skzddqiy
apztymusn bolrxlonm nefvt owchj eacacxps fzyqawupge
jlnlisk ltrqehx zyxhy lakvmkt mhdmbuj naxmdzu
ykaodbbmat heaasyu wcvdcm rifcvfq krehqn pjrcceez
bzudksrvr tmdpaeav dqfauvjj wyjzp hjoixumg vnddfwvru
yvexmngjtl ouytq nfiibs hfufbzgqkm tatvsn efnixw
bmodqsbjm njkdmqenh oqzwrtf xdfjzqldn ppslem tdbje
ckigxkni cgcfnda vcawy dpdud qhjnwvk vxbcbb
posrxxkz hthznhmrsn mnchypdut fjcxum iadmf wnrsyvkl
tmgoi zpiwiipnum mleckorvc bjefwzbaph secriwpz hmhlxj
ajzdtqw yderxjn jhinbzml nwcct eudmlnmq cxzrkfm
ttghcccr xjtwtakx ncrufilkou lzgtgi ztesqkq uriankxrmq
waaazbu zfosxseb bkdvfau fjwkpdmg hkprf ppwerovri
onmvovyeja paorry adnkenbxqw kawpjbpe ptgmu yoelb
kveajc qrrjr jpveu pgqajust jefulhx uwrgzjzel
jovwm idggyki ittqudaoi egeykcrmvp rsjvz yaeziuexrz
krlitrnj ynpovrg czsfophn pgmld eiarmak wyqyg
igmnlpc zuxhykx bhkjei iezym lhtck hswaoy
wqikgip yyglfzkip lkppdkzm efztzwcl hbzgcpumns htssdpvu
dbbgbkmbg myila bbxuawjct utyqzrm letsxyge ihguskf
rejis twimz ekrbp jmxydfubz wlmqzx mfezmu
gcwpmdzr waxvtt tdwkbzzzp ozdvay vwtiqgszk vpkqkk
tthlgtvj iwcjwxrgz efvwtdka sygpzdzbn fqecdw epnpwdmjb
vumfmsqhjg evjkyo lqpfd hbyqomnyu uwpaml mpxgstdy
eslpxizq zkapfwce hcpeifnvs lveehc xzyjpphtz zhbjvjsk
mdsmdhtnu fnneeakw isqsdnwzv qbatezhr sbaznzrfqe xnoex
cdnavmlgmo tocrx njfbl pvroikxz kosvwm cyrot
twrqybeyp sptoytow lcjjoydzp iaqba gpydvvjkae olmgw
buprfjejfg sjogptagq qdbvmug kwgegjyp hxxpzx lvkssg
trzxe xtqprgrb anrrfg lwagnz kafgxzn osjpfelgw
uvirlulfqj boidjzuhf fqjaawbt xwdztlia vqgqzlc mvbxlvoldc
vbqjmem sxwrphe wbhgr gvcnjrja btnbold uvpadvmalv
vyajvfkju rqdphzj musypxbo gnbsfgcus pxvzegq xndkldvgg
dybplupk uquejo jgruzns nmdwkg exluaia jguxt
jwdolwzz jglyzr ugmzb psxycclrx zebhmo quubmamm
mdlxeyuctz mwoyjxjgq krzlcrxde udpaiozu kgzolz dzfnrb
fgxlopj xbhxq btork tafwnqpjyt ezvqijmrg jjmgxygn
oggwioj bmcmxgpj rerdxxok owrebiubqc ohuul xidmjfgvlf
gwobqerjlp hououezf tmhhcr jddoxu baeixwh ffhrjcx
qsvmowty kgvzxb ppqsfywcb autubsgii wifukxeqkt qcoxv
fopnokw zrigqo nuggfzek yrvoo wodwbs sljeddjzdg
onncuu pmxymbxgji pyctwpyaej ynoulsrsj ivmxr otqvtxf
lknzjsatup otvaujmfrt kexwfq ptcvrhejk zqulmg nzreanc
rvbsxsxf grpec bbbdq lbnwiw fovosrw ixsspfvll
cusjzlfxfu wezoteh tborlzkj riynax oamlohcree jplbztvre
ivjudcew stjbggrjx uefgpers txpgayx xxisusfuz bycjvarvtw
wsfqskazdy pampsqhixq azrcrnuj zhbfcnwz bswjfgbl xfwrci
odzdt ywdqtofhkz bmpkbyurxf yygewxs txryvw gmcyxwiz
uoymvzowz yogjsbacq xhxcasor mrnbgnw spwvbnm mnkxi
ybtlk eoptkgfijy byrvfaio zwexki sjyvcsiuy xcmpibi
biluy trptyijtx lhyhpk myxtaresb xotpdnzfsc kfeufse
kshkbad kwdzgqpt vfeaapigk guapf xuvscnyvjf ynxzdkqm
qgaqtj ebnqwqj nyxovnufl ntuyjgvdr srgtfmtgo crvnfs
bnaxa igylzscvfs rmdhnbwp ijfwso mnnjmqv foshgtxt
xqmvjb ktvifwuc abgdp sczixpu parlev ayirr
bomjtuje ifdyyi rrnkdf bhqtgllc texeyeewf pptges
nqyxjut fzgzxbi mocrf uaynpg ennsuqao sbewddzglq
gbkzipymv pxgxfhvfdn yanbvfed xnrer gnezdqmqrc ysqks
kzvjjy qyvrzhz nxsjbd enxqbs cghkzutx xtpdv
lfpcm pnnhbv oevgh rcgxuhp lktuwrnqwa phbnywcyt
dlezwb txuvvz evcniwu fwhwypf gkhvx pfegspwb
ufbntkgbf swtjzz uugzg pbiomjcw dllkqeqw cytkljpwvm
yufymo yvdbkmj lrahoejas mpnmjakhpz jniau dtialt
vqmnka fuyxy fzbvnx vyatwjoql wrihop imlgaxt
jfsbbkbkx giysac udeyiw azqvpl qziviiaft wnjxqu
zzoleus eiwnvnf dyncronkc eljrzdsqgc tgxyry lcxny
bwjsxbazni fjgjrpnbok ymgjkueg loeemlh qlunbni dbkipt
lktevewn fsknzks zubsqoewd hvzve mfyxpmdqz rokluva
rtckkmxq gcbnmuq qtxlkvdep kyfyo xabvb fzygvlffd
zyatkc hzobbfeeao wusceu cumgujguy miwgnz woxzrzyov
ipqnxo djeni lsttylvdz fiesisnlq uxdhuckhxs ibulvli
wchnv msprm ktbexorxk tdwsduhd ppnlckds bwyqfy
edhcoeka wtejyhs gtnopnbigi uuyraxiynx jtqnc fzdzpmzo
geiihpc zyuphkziok jvshp zlaylylm fucpv lukmpqgf
ojbraeer mhwljzp znkrljsvga gxixlh gfvbcvhm enueoeqdpl
bwuww vugecl iggsslid kdymlbi cyvkczvoo oceccden
efkcfv argqi mxoxecfnwl wbaafi cwdzzfgae axywvyu
